<?xml version="1.0" encoding="UTF-8"?>
<testng-results ignored="0" total="1" passed="1" failed="0" skipped="0">
  <reporter-output>
  </reporter-output>
  <suite started-at="2022-01-27T21:10:03 IST" name="Default suite" finished-at="2022-01-27T21:10:15 IST" duration-ms="11684">
    <groups>
    </groups>
    <test started-at="2022-01-27T21:10:03 IST" name="Default test" finished-at="2022-01-27T21:10:15 IST" duration-ms="11684">
      <class name="com.qa.tests.TestOne">
        <test-method is-config="true" signature="beforeTest()[pri:0, instance:com.qa.tests.TestOne@793be5ca]" started-at="2022-01-27T21:10:03 IST" name="beforeTest" finished-at="2022-01-27T21:10:06 IST" duration-ms="2352" status="PASS">
          <reporter-output>
          </reporter-output>
        </test-method> <!-- beforeTest -->
        <test-method signature="test()[pri:0, instance:com.qa.tests.TestOne@793be5ca]" started-at="2022-01-27T21:10:06 IST" name="test" finished-at="2022-01-27T21:10:15 IST" duration-ms="9228" status="PASS">
          <reporter-output>
          </reporter-output>
        </test-method> <!-- test -->
        <test-method is-config="true" signature="afterTest()[pri:0, instance:com.qa.tests.TestOne@793be5ca]" started-at="2022-01-27T21:10:15 IST" name="afterTest" finished-at="2022-01-27T21:10:15 IST" duration-ms="73" status="PASS">
          <reporter-output>
          </reporter-output>
        </test-method> <!-- afterTest -->
      </class> <!-- com.qa.tests.TestOne -->
    </test> <!-- Default test -->
  </suite> <!-- Default suite -->
</testng-results>
